<?xml version="1.0" encoding="UTF-8"?>
<!-- Generated by org.testng.reporters.JUnitXMLReporter -->
<testsuite ignored="1" hostname="DESKTOP-SJ1BRTJ" failures="0" tests="3" name="Default test" time="8.374" errors="0" timestamp="2024-03-02T16:00:57 IST">
  <testcase classname="api.test.StoreTests2" name="testPostUser" time="4.179"/>
  <testcase classname="api.test.StoreTests2" name="testGetUserByName" time="2.07"/>
  <testcase classname="api.test.StoreTests2" name="testDeleteUserById" time="2.042"/>
  <testcase classname="api.test.StoreTests2" name="testUpdateUserByquantity" time="0.0">
    <ignored/>
  </testcase> <!-- testUpdateUserByquantity -->
</testsuite> <!-- Default test -->
