<?xml version="1.0" encoding="UTF-8"?>
<testsuite xmlns:xsi="http://www.w3.org/2001/XMLSchema-instance" xsi:noNamespaceSchemaLocation="https://maven.apache.org/surefire/maven-surefire-plugin/xsd/surefire-test-report-3.0.xsd" version="3.0" name="TestSuite" time="12.474" tests="4" errors="0" skipped="0" failures="0">
  <properties>
[...]
</properties>
  <testcase name="testPostUser" classname="api.test.StoreTests" time="4.073">
    <system-out><![CDATA[ERROR StatusConsoleListener Unrecognized format specifier [t]
ERROR StatusConsoleListener Unrecognized conversion specifier [t] starting at position 49 in conversion pattern.
ERROR StatusConsoleListener Unrecognized format specifier [c]
ERROR StatusConsoleListener Unrecognized conversion specifier [c] starting at position 56 in conversion pattern.
ERROR StatusConsoleListener Unrecognized format specifier [msg]
ERROR StatusConsoleListener Unrecognized conversion specifier [msg] starting at position 63 in conversion pattern.
ERROR StatusConsoleListener Unrecognized format specifier [n]
ERROR StatusConsoleListener Unrecognized conversion specifier [n] starting at position 65 in conversion pattern.
User created successfully.
]]></system-out>
    <system-err><![CDATA[SLF4J: Failed to load class "org.slf4j.impl.StaticLoggerBinder".
SLF4J: Defaulting to no-operation (NOP) logger implementation
SLF4J: See http://www.slf4j.org/codes.html#StaticLoggerBinder for further details.
]]></system-err>
  </testcase>
  <testcase name="testGetUserByName" classname="api.test.StoreTests" time="2.349">
    <system-out><![CDATA[HTTP/1.1 200 OK
Date: Sat, 02 Mar 2024 10:56:48 GMT
Content-Type: application/json
Transfer-Encoding: chunked
Connection: keep-alive
Access-Control-Allow-Origin: *
Access-Control-Allow-Methods: GET, POST, DELETE, PUT
Access-Control-Allow-Headers: Content-Type, api_key, Authorization
Server: Jetty(9.2.9.v20150224)

{
    "id": 1,
    "petId": 35,
    "quantity": 6,
    "shipDate": "2024-02-24T11:45:49.605+0000",
    "complete": false
}
200
]]></system-out>
  </testcase>
  <testcase name="testUpdateUserByquantity" classname="api.test.StoreTests" time="2.157">
    <system-out><![CDATA[HTTP/1.1 200 OK
Date: Sat, 02 Mar 2024 10:56:50 GMT
Content-Type: application/json
Transfer-Encoding: chunked
Connection: keep-alive
Access-Control-Allow-Origin: *
Access-Control-Allow-Methods: GET, POST, DELETE, PUT
Access-Control-Allow-Headers: Content-Type, api_key, Authorization
Server: Jetty(9.2.9.v20150224)

{
    "id": 5,
    "petId": 35,
    "quantity": 100,
    "shipDate": "2024-02-24T11:45:49.605+0000",
    "complete": false
}
200
]]></system-out>
  </testcase>
  <testcase name="testDeleteUserById" classname="api.test.StoreTests" time="2.094">
    <system-out><![CDATA[HTTP/1.1 200 OK
Date: Sat, 02 Mar 2024 10:56:52 GMT
Content-Type: application/json
Transfer-Encoding: chunked
Connection: keep-alive
Access-Control-Allow-Origin: *
Access-Control-Allow-Methods: GET, POST, DELETE, PUT
Access-Control-Allow-Headers: Content-Type, api_key, Authorization
Server: Jetty(9.2.9.v20150224)

{
    "code": 200,
    "type": "unknown",
    "message": "5"
}
]]></system-out>
  </testcase>
</testsuite>