<?xml version="1.0" encoding="UTF-8"?>
<testng-results ignored="0" total="4" passed="4" failed="0" skipped="0">
  <reporter-output>
  </reporter-output>
  <suite started-at="2024-03-02T16:26:20 IST" name="PetSuite" finished-at="2024-03-02T16:26:32 IST" duration-ms="11478">
    <groups>
    </groups>
    <test started-at="2024-03-02T16:26:20 IST" name="PetTest" finished-at="2024-03-02T16:26:32 IST" duration-ms="11478">
      <class name="api.test.StoreTests">
        <test-method is-config="true" signature="setupData()[pri:0, instance:api.test.StoreTests@5824a83d]" started-at="2024-03-02T16:26:21 IST" name="setupData" finished-at="2024-03-02T16:26:21 IST" duration-ms="665" status="PASS">
          <reporter-output>
          </reporter-output>
        </test-method> <!-- setupData -->
        <test-method signature="testPostUser()[pri:1, instance:api.test.StoreTests@5824a83d]" started-at="2024-03-02T16:26:21 IST" name="testPostUser" finished-at="2024-03-02T16:26:25 IST" duration-ms="4018" status="PASS">
          <reporter-output>
          </reporter-output>
        </test-method> <!-- testPostUser -->
        <test-method signature="testGetUserByName()[pri:2, instance:api.test.StoreTests@5824a83d]" started-at="2024-03-02T16:26:25 IST" name="testGetUserByName" finished-at="2024-03-02T16:26:27 IST" duration-ms="2117" status="PASS">
          <reporter-output>
          </reporter-output>
        </test-method> <!-- testGetUserByName -->
        <test-method signature="testUpdateUserByquantity()[pri:3, instance:api.test.StoreTests@5824a83d]" started-at="2024-03-02T16:26:27 IST" name="testUpdateUserByquantity" finished-at="2024-03-02T16:26:30 IST" duration-ms="2195" status="PASS">
          <reporter-output>
          </reporter-output>
        </test-method> <!-- testUpdateUserByquantity -->
        <test-method signature="testDeleteUserById()[pri:4, instance:api.test.StoreTests@5824a83d]" started-at="2024-03-02T16:26:30 IST" name="testDeleteUserById" finished-at="2024-03-02T16:26:32 IST" duration-ms="2088" status="PASS">
          <reporter-output>
          </reporter-output>
        </test-method> <!-- testDeleteUserById -->
      </class> <!-- api.test.StoreTests -->
    </test> <!-- PetTest -->
  </suite> <!-- PetSuite -->
</testng-results>
