<?xml version="1.0" encoding="UTF-8"?>
<!-- Generated by org.testng.reporters.JUnitXMLReporter -->
<testsuite ignored="0" hostname="DESKTOP-SJ1BRTJ" failures="0" tests="4" name="PetTest" time="11.614" errors="0" timestamp="2024-03-02T16:26:53 IST">
  <testcase classname="api.test.StoreTests" name="testPostUser" time="4.049"/>
  <testcase classname="api.test.StoreTests" name="testGetUserByName" time="2.347"/>
  <testcase classname="api.test.StoreTests" name="testUpdateUserByquantity" time="2.156"/>
  <testcase classname="api.test.StoreTests" name="testDeleteUserById" time="2.091"/>
</testsuite> <!-- PetTest -->
