<?xml version="1.0" encoding="UTF-8"?>
<!-- Generated by org.testng.reporters.JUnitXMLReporter -->
<testsuite ignored="0" hostname="DESKTOP-SJ1BRTJ" failures="0" tests="4" name="PetTest" time="11.478" errors="0" timestamp="2024-03-02T16:26:32 IST">
  <testcase classname="api.test.StoreTests" name="testPostUser" time="4.018"/>
  <testcase classname="api.test.StoreTests" name="testGetUserByName" time="2.117"/>
  <testcase classname="api.test.StoreTests" name="testUpdateUserByquantity" time="2.195"/>
  <testcase classname="api.test.StoreTests" name="testDeleteUserById" time="2.088"/>
</testsuite> <!-- PetTest -->
